============================================
  Doly Widget Service v0.1.0
============================================
[WidgetService] 初始化...
[WidgetService]   SUB endpoint: ipc:///tmp/doly_bus.sock
[WidgetService]   PUB endpoint: ipc:///tmp/doly_widget_pub.sock
[WidgetService]   LCD lock: /tmp/doly_lcd.lock
[WidgetService]   渲染FPS: 10
[WidgetService]   无LCD模式: 是
[WidgetService] 分配 FrameBuffer: 115200 字节 (RGB565)
[WidgetService] Widget Manager 已初始化 (clock, timer)
{"ts":"2026-03-13T07:10:13.475Z","lvl":"INFO","svc":"clock_widget","cmp":"applyConfig","trace_id":"","msg":"ClockWidget 配置: layout=split, hour_format=24h, left_role=minute, right_role=hour, digit_scale_percent=75, chime_enabled=1, api_enabled=1"}
[WidgetService] Clock 配置已加载: /home/pi/dolydev/libs/widgets/config/widgets.default.json core_enabled=1
{"ts":"2026-03-13T07:10:13.477Z","lvl":"INFO","svc":"clock_widget","cmp":"api","trace_id":"","msg":"ClockWidget API 已启动: ipc:///tmp/doly_clock_api.sock"}
[WidgetService] Timer 配置已加载: /home/pi/dolydev/libs/widgets/config/widgets.default.json
[WidgetService] 配置文件已加载: /home/pi/dolydev/libs/widgets/config/widgets.default.json
[WidgetService] ZMQ SUB 已连接: ipc:///tmp/doly_bus.sock
[WidgetService] ZMQ PUB 已绑定: ipc:///tmp/doly_widget_pub.sock
[WidgetService] 初始化完成
[WidgetService] 命令订阅线程启动
[WidgetService] 服务已启动
[WidgetService] 渲染线程启动
[WidgetService] 收到命令: topic=cmd.widget.timer.start payload={"action": "start", "widget_id": "timer", "mode": "countdown", "duration_sec": 12, "auto_hide": true, "slot": "both", "style": {"digit_color": [255, 180, 0], "colon_blink": true}}
[WidgetService] 处理命令: widget=timer action=start
[WidgetService] handleShowWidget: timer payload={"action":"start","auto_hide":true,"duration_sec":12,"mode":"countdown","slot":"both","style":{"colon_blink":true,"digit_color":[255,180,0]},"widget_id":"timer"}
[WidgetService] handleShowWidget: timer payload={"action":"start","auto_hide":true,"duration_sec":12,"mode":"countdown","slot":"both","style":{"colon_blink":true,"digit_color":[255,180,0]},"widget_id":"timer"}
[WidgetService] 请求获取 LCD 控制权...
[WidgetService] LCD 控制权已获取
[WidgetService] Widget 已显示: timer timeout_ms=0
-------------> TimerWidget::start called
{"ts":"2026-03-13T07:10:41.730Z","lvl":"INFO","svc":"timer_widget","cmp":"emitCountdownTick","trace_id":"","msg":"[TimerWidget] publish event.eye.timer.tick remaining=12"}
{"ts":"2026-03-13T07:10:42.630Z","lvl":"INFO","svc":"timer_widget","cmp":"emitCountdownTick","trace_id":"","msg":"[TimerWidget] publish event.eye.timer.tick remaining=11"}
{"ts":"2026-03-13T07:10:43.630Z","lvl":"INFO","svc":"timer_widget","cmp":"emitCountdownTick","trace_id":"","msg":"[TimerWidget] publish event.eye.timer.tick remaining=10"}
{"ts":"2026-03-13T07:10:44.630Z","lvl":"INFO","svc":"timer_widget","cmp":"emitCountdownTick","trace_id":"","msg":"[TimerWidget] publish event.eye.timer.tick remaining=9"}
{"ts":"2026-03-13T07:10:45.631Z","lvl":"INFO","svc":"timer_widget","cmp":"emitCountdownTick","trace_id":"","msg":"[TimerWidget] publish event.eye.timer.tick remaining=8"}
{"ts":"2026-03-13T07:10:46.630Z","lvl":"INFO","svc":"timer_widget","cmp":"emitCountdownTick","trace_id":"","msg":"[TimerWidget] publish event.eye.timer.tick remaining=7"}
{"ts":"2026-03-13T07:10:47.632Z","lvl":"INFO","svc":"timer_widget","cmp":"emitCountdownTick","trace_id":"","msg":"[TimerWidget] publish event.eye.timer.tick remaining=6"}
{"ts":"2026-03-13T07:10:48.632Z","lvl":"INFO","svc":"timer_widget","cmp":"emitCountdownTick","trace_id":"","msg":"[TimerWidget] publish event.eye.timer.tick remaining=5"}
{"ts":"2026-03-13T07:10:49.634Z","lvl":"INFO","svc":"timer_widget","cmp":"emitCountdownTick","trace_id":"","msg":"[TimerWidget] publish event.eye.timer.tick remaining=4"}
{"ts":"2026-03-13T07:10:50.634Z","lvl":"INFO","svc":"timer_widget","cmp":"emitCountdownTick","trace_id":"","msg":"[TimerWidget] publish event.eye.timer.tick remaining=3"}
{"ts":"2026-03-13T07:10:51.636Z","lvl":"INFO","svc":"timer_widget","cmp":"emitCountdownTick","trace_id":"","msg":"[TimerWidget] publish event.eye.timer.tick remaining=2"}
{"ts":"2026-03-13T07:10:52.636Z","lvl":"INFO","svc":"timer_widget","cmp":"emitCountdownTick","trace_id":"","msg":"[TimerWidget] publish event.eye.timer.tick remaining=1"}
{"ts":"2026-03-13T07:10:53.636Z","lvl":"INFO","svc":"timer_widget","cmp":"emitCountdownTick","trace_id":"","msg":"[TimerWidget] publish event.eye.timer.tick remaining=0"}
{"ts":"2026-03-13T07:10:53.640Z","lvl":"INFO","svc":"timer_widget","cmp":"emitCountdownFinished","trace_id":"","msg":"[TimerWidget] publish event.eye.timer.finished payload={"audio":{"clip":"sfx_alarm_4"},"mode":"countdown","remaining":0,"state":"finished","tts":{"text":"时间到！"}}"}
{"ts":"2026-03-13T07:10:53.640Z","lvl":"INFO","svc":"timer_widget","cmp":"emitCountdownFinished","trace_id":"","msg":"[TimerWidget] timeup sound disabled or not configured"}
{"ts":"2026-03-13T07:10:53.640Z","lvl":"INFO","svc":"timer_widget","cmp":"playClip","trace_id":"","msg":"[TimerWidget] play clip=sfx_alarm_4 priority=60 preempt=true"}
[WidgetService] active widget self-hidden: timer
[WidgetService] timer self-hide reached idle, core disabled
[WidgetService] LCD 控制权已释放
[WidgetService] 收到命令: topic=cmd.widget.timer.start payload={"action": "start", "widget_id": "timer", "mode": "countdown", "duration_sec": 8, "auto_hide": true, "slot": "both", "style": {"digit_color": [255, 180, 0], "colon_blink": true}}
[WidgetService] 处理命令: widget=timer action=start
[WidgetService] handleShowWidget: timer payload={"action":"start","auto_hide":true,"duration_sec":8,"mode":"countdown","slot":"both","style":{"colon_blink":true,"digit_color":[255,180,0]},"widget_id":"timer"}
[WidgetService] handleShowWidget: timer payload={"action":"start","auto_hide":true,"duration_sec":8,"mode":"countdown","slot":"both","style":{"colon_blink":true,"digit_color":[255,180,0]},"widget_id":"timer"}
[WidgetService] 请求获取 LCD 控制权...
[WidgetService] LCD 控制权已获取
[WidgetService] Widget 已显示: timer timeout_ms=0
-------------> TimerWidget::start called
{"ts":"2026-03-13T07:11:16.743Z","lvl":"INFO","svc":"timer_widget","cmp":"emitCountdownTick","trace_id":"","msg":"[TimerWidget] publish event.eye.timer.tick remaining=8"}
{"ts":"2026-03-13T07:11:17.644Z","lvl":"INFO","svc":"timer_widget","cmp":"emitCountdownTick","trace_id":"","msg":"[TimerWidget] publish event.eye.timer.tick remaining=7"}
{"ts":"2026-03-13T07:11:18.646Z","lvl":"INFO","svc":"timer_widget","cmp":"emitCountdownTick","trace_id":"","msg":"[TimerWidget] publish event.eye.timer.tick remaining=6"}
{"ts":"2026-03-13T07:11:19.646Z","lvl":"INFO","svc":"timer_widget","cmp":"emitCountdownTick","trace_id":"","msg":"[TimerWidget] publish event.eye.timer.tick remaining=5"}
{"ts":"2026-03-13T07:11:20.646Z","lvl":"INFO","svc":"timer_widget","cmp":"emitCountdownTick","trace_id":"","msg":"[TimerWidget] publish event.eye.timer.tick remaining=4"}
{"ts":"2026-03-13T07:11:21.648Z","lvl":"INFO","svc":"timer_widget","cmp":"emitCountdownTick","trace_id":"","msg":"[TimerWidget] publish event.eye.timer.tick remaining=3"}
{"ts":"2026-03-13T07:11:22.648Z","lvl":"INFO","svc":"timer_widget","cmp":"emitCountdownTick","trace_id":"","msg":"[TimerWidget] publish event.eye.timer.tick remaining=2"}
{"ts":"2026-03-13T07:11:23.648Z","lvl":"INFO","svc":"timer_widget","cmp":"emitCountdownTick","trace_id":"","msg":"[TimerWidget] publish event.eye.timer.tick remaining=1"}
{"ts":"2026-03-13T07:11:24.648Z","lvl":"INFO","svc":"timer_widget","cmp":"emitCountdownTick","trace_id":"","msg":"[TimerWidget] publish event.eye.timer.tick remaining=0"}
{"ts":"2026-03-13T07:11:24.650Z","lvl":"INFO","svc":"timer_widget","cmp":"emitCountdownFinished","trace_id":"","msg":"[TimerWidget] publish event.eye.timer.finished payload={"audio":{"clip":"sfx_alarm_4"},"mode":"countdown","remaining":0,"state":"finished","tts":{"text":"时间到！"}}"}
{"ts":"2026-03-13T07:11:24.650Z","lvl":"INFO","svc":"timer_widget","cmp":"emitCountdownFinished","trace_id":"","msg":"[TimerWidget] timeup sound disabled or not configured"}
{"ts":"2026-03-13T07:11:24.650Z","lvl":"INFO","svc":"timer_widget","cmp":"playClip","trace_id":"","msg":"[TimerWidget] play clip=sfx_alarm_4 priority=60 preempt=true"}
[WidgetService] active widget self-hidden: timer
[WidgetService] timer self-hide reached idle, core disabled
[WidgetService] LCD 控制权已释放
